#
# A fatal error has been detected by the Java Runtime Environment:
#
#  EXCEPTION_ACCESS_VIOLATION (0xc0000005) at pc=0x00007ff8804b26c4, pid=23680, tid=15192
#
# JRE version: OpenJDK Runtime Environment (24.0+36) (build 24+36-3646)
# Java VM: OpenJDK 64-Bit Server VM (24+36-3646, mixed mode, emulated-client, sharing, tiered, compressed oops, compressed class ptrs, g1 gc, windows-amd64)
# Problematic frame:
# C  [libasyncProfiler.dll+0x926c4]
#
# No core dump will be written. Minidumps are not enabled by default on client versions of Windows
#
# JFR recording file will be written. Location: C:\Development Projects\wizdevtech-site\frontend-gateway\hs_err_pid23680.jfr
#
# If you would like to submit a bug report, please visit:
#   https://bugreport.java.com/bugreport/crash.jsp
# The crash happened outside the Java Virtual Machine in native code.
# See problematic frame for where to report the bug.
#

---------------  S U M M A R Y ------------

Command Line: -XX:TieredStopAtLevel=1 -Dspring.output.ansi.enabled=always -Dcom.sun.management.jmxremote -Dspring.jmx.enabled=true -Dspring.liveBeansView.mbeanDomain -Dspring.application.admin.enabled=true -Dmanagement.endpoints.jmx.exposure.include=* -javaagent:C:\Users\Wiz\AppData\Local\Programs\IntelliJ IDEA Ultimate 2025.1\lib\idea_rt.jar=62114 -agentpath:C:\Users\Wiz\AppData\Local\Temp\idea_libasyncProfiler_dll_temp_folder\libasyncProfiler.dll=start,jfr,event=wall,interval=10ms,jfrsync=profile,cstack=no,file=C:\Users\Wiz\IdeaSnapshots\GatewayApplication_2025_04_27_182700.jfr,dbghelppath=C:\Users\Wiz\AppData\Local\Temp\idea_dbghelp_dll_temp_folder\dbghelp.dll,log=C:\Users\Wiz\AppData\Local\Temp\GatewayApplication_2025_04_27_182700.jfr.log.txt,logLevel=DEBUG -Dfile.encoding=UTF-8 -Dsun.stdout.encoding=UTF-8 -Dsun.stderr.encoding=UTF-8 com.wizdevtech.GatewayApplication

Host: AMD Ryzen 7 7735HS with Radeon Graphics        , 16 cores, 13G,  Windows 11 , 64 bit Build 22621 (10.0.22621.5124)
Time: Sun Apr 27 18:27:01 2025 Central America Standard Time elapsed time: 0.450168 seconds (0d 0h 0m 0s)

---------------  T H R E A D  ---------------

Current thread (0x0000026da7c1e610):  JavaThread "main"             [_thread_in_native, id=15192, stack(0x000000f391f00000,0x000000f392000000) (1024K)]

Stack: [0x000000f391f00000,0x000000f392000000],  sp=0x000000f391ffe560,  free space=1017k
Native frames: (J=compiled Java code, j=interpreted, Vv=VM code, C=native code)
C  [libasyncProfiler.dll+0x926c4]  (no source info available)
C  [libasyncProfiler.dll+0x92b9b]  (no source info available)
C  [libasyncProfiler.dll+0x917f4]  (no source info available)
C  [libasyncProfiler.dll+0x9206a]  (no source info available)
C  [libasyncProfiler.dll+0x8cc21]  (no source info available)
C  [libasyncProfiler.dll+0x7e5e1]  (no source info available)
C  [libasyncProfiler.dll+0x7d2f8]  (no source info available)
C  [libasyncProfiler.dll+0x7d1e0]  (no source info available)
C  [libasyncProfiler.dll+0x832fc]  (no source info available)
V  [jvm.dll+0x5e3a5e]  (no source info available)
V  [jvm.dll+0x8861e6]  (no source info available)
V  [jvm.dll+0x49604e]  (no source info available)
V  [jvm.dll+0x497e21]  (no source info available)
C  [jli.dll+0x52a1]  (no source info available)
C  [ucrtbase.dll+0x29333]  (no source info available)
C  [KERNEL32.DLL+0x1259d]  (no source info available)
C  [ntdll.dll+0x5af38]  (no source info available)


siginfo: EXCEPTION_ACCESS_VIOLATION (0xc0000005), reading address 0xffffffffffffffff


Registers:
RAX=0x0000000000000010, RBX=0x0000000000000000, RCX=0xffffffffffffffff, RDX=0x007ff850462ff010
RSP=0x000000f391ffe560, RBP=0x0000026dfd05c328, RSI=0x000000f391ffe6d0, RDI=0x0000026dfd05c328
R8 =0x0000000000000042, R9 =0x0000000732801ee8, R10=0x00007ff8506d9fc0, R11=0x0000000000000002
R12=0x000000f391ffe6d0, R13=0x0000026da7b723d0, R14=0x0000026da7c1e9d8, R15=0x0000026da7c1e9d8
RIP=0x00007ff8804b26c4, EFLAGS=0x0000000000010202

XMM[0]=0x0000000000000000 0x0000000000000000
XMM[1]=0x0000000000000000 0x0000000000000000
XMM[2]=0x0000000000000000 0x0000000000000000
XMM[3]=0x0000000000000000 0x0000000000000000
XMM[4]=0x0000000000000000 0x0000000000000000
XMM[5]=0x0000000000000000 0x0000000000000000
XMM[6]=0x0000000000000000 0x0000000000000000
XMM[7]=0x0000000000000000 0x0000000000000000
XMM[8]=0x0000000000000000 0x0000000000000000
XMM[9]=0x0000000000000000 0x0000000000000000
XMM[10]=0x0000000000000000 0x0000000000000000
XMM[11]=0x0000000000000000 0x0000000000000000
XMM[12]=0x0000000000000000 0x0000000000000000
XMM[13]=0x0000000000000000 0x0000000000000000
XMM[14]=0x0000000000000000 0x0000000000000000
XMM[15]=0x0000000000000000 0x0000000000000000
  MXCSR=0x00001fa0


Register to memory mapping:

RAX=0x0000000000000010 is an unknown value
RBX=0x0 is null
RCX=0xffffffffffffffff is an unknown value
RDX=0x007ff850462ff010 is an unknown value
RSP=0x000000f391ffe560 is pointing into the stack for thread: 0x0000026da7c1e610
RBP=0x0000026dfd05c328 points into unknown readable memory: 0x0000000732801ee8 | e8 1e 80 32 07 00 00 00
RSI=0x000000f391ffe6d0 is pointing into the stack for thread: 0x0000026da7c1e610
RDI=0x0000026dfd05c328 points into unknown readable memory: 0x0000000732801ee8 | e8 1e 80 32 07 00 00 00
R8 =0x0000000000000042 is an unknown value
R9 =0x0000000732801ee8 is an oop: java.lang.Thread 
{0x0000000732801ee8} - klass: 'java/lang/Thread' - flags: 

 - ---- fields (total size 14 words):
 - 'threadLocalRandomProbe' 'I' @12  0 (0x00000000)
 - private volatile 'eetop' 'J' @16  2669989193232 (0x0000026da7c1e610)
 - private final 'tid' 'J' @24  3 (0x0000000000000003)
 - 'threadLocalRandomSeed' 'J' @32  0 (0x0000000000000000)
 - injected 'jvmti_thread_state' 'J' @40  2669985365232 (0x0000026da7877cf0)
 - 'threadLocalRandomSecondarySeed' 'I' @48  0 (0x00000000)
 - injected 'jvmti_VTMS_transition_disable_count' 'I' @52  0 (0x00000000)
 - injected 'jfr_epoch' 'S' @56  0 (0x0000)
 - volatile 'interrupted' 'Z' @58  false (0x00)
 - injected 'jvmti_is_in_VTMS_transition' 'Z' @59  false (0x00)
 - private volatile 'name' 'Ljava/lang/String;' @60  "main"{0x0000000732801f58} (0xe65003eb)
 - private volatile 'contextClassLoader' 'Ljava/lang/ClassLoader;' @64  a 'jdk/internal/loader/ClassLoaders$AppClassLoader'{0x00000007328256f8} (0xe6504adf)
 - private final 'holder' 'Ljava/lang/Thread$FieldHolder;' @68  a 'java/lang/Thread$FieldHolder'{0x0000000732801f98} (0xe65003f3)
 - 'threadLocals' 'Ljava/lang/ThreadLocal$ThreadLocalMap;' @72  a 'java/lang/ThreadLocal$ThreadLocalMap'{0x0000000732744100} (0xe64e8820)
 - 'inheritableThreadLocals' 'Ljava/lang/ThreadLocal$ThreadLocalMap;' @76  null (0x00000000)
 - private 'scopedValueBindings' 'Ljava/lang/Object;' @80  a 'java/lang/Class'{0x00000007ffe7c280} = 'java/lang/Thread' (0xfffcf850)
 - final 'interruptLock' 'Ljava/lang/Object;' @84  a 'java/lang/Object'{0x0000000732801f88} (0xe65003f1)
 - private volatile 'parkBlocker' 'Ljava/lang/Object;' @88  null (0x00000000)
 - private 'nioBlocker' 'Lsun/nio/ch/Interruptible;' @92  null (0x00000000)
 - private 'cont' 'Ljdk/internal/vm/Continuation;' @96  null (0x00000000)
 - private volatile 'uncaughtExceptionHandler' 'Ljava/lang/Thread$UncaughtExceptionHandler;' @100  null (0x00000000)
 - private 'container' 'Ljdk/internal/vm/ThreadContainer;' @104  null (0x00000000)
 - private volatile 'headStackableScopes' 'Ljdk/internal/vm/StackableScope;' @108  null (0x00000000)
R10=0x00007ff8506d9fc0 jvm.dll
R11=0x0000000000000002 is an unknown value
R12=0x000000f391ffe6d0 is pointing into the stack for thread: 0x0000026da7c1e610
R13=0x0000026da7b723d0 points into unknown readable memory: 0x00007ff85064a510 | 10 a5 64 50 f8 7f 00 00
R14=0x0000026da7c1e9d8 points into unknown readable memory: 0x00007ff8506417b0 | b0 17 64 50 f8 7f 00 00
R15=0x0000026da7c1e9d8 points into unknown readable memory: 0x00007ff8506417b0 | b0 17 64 50 f8 7f 00 00

Top of Stack: (sp=0x000000f391ffe560)
0x000000f391ffe560:   000000f391ffe6d0 0000026dfd05c328   ........(...m...
0x000000f391ffe570:   0000000000000000 0000026da58ae170   ........p...m...
0x000000f391ffe580:   000000000000001a 00007ff8804b2b9b   .........+K.....
0x000000f391ffe590:   0000000000000000 0000026da7c1e9d8   ............m...
0x000000f391ffe5a0:   000000f391ffe601 0000000000000000   ................
0x000000f391ffe5b0:   0000026dfee27d10 00007ff8804b17f4   .}..m.....K.....
0x000000f391ffe5c0:   0000000000000000 000000000000001a   ................
0x000000f391ffe5d0:   0000000000000000 000000000000001a   ................
0x000000f391ffe5e0:   0000000dfecec040 0000026dfee29700   @...........m...
0x000000f391ffe5f0:   0000026dfee27d10 0000026dfee27d78   .}..m...x}..m...
0x000000f391ffe600:   0000026dfee27d80 000000f300001488   .}..m...........
0x000000f391ffe610:   0000000000000000 0000000000000000   ................
0x000000f391ffe620:   0000000000000000 00007ff84fea58e4   .........X.O....
0x000000f391ffe630:   00007ff8805f4ca0 0000000000005c80   .L_......\......
0x000000f391ffe640:   00007ff8805f4ca0 00000000ffffffff   .L_.............
0x000000f391ffe650:   0000000000000000 00007ff8804b206a   ........j K.....
0x000000f391ffe660:   0000026da7c1e9d8 0000000000000000   ....m...........
0x000000f391ffe670:   000000f391ffe6d9 0000026da7b723d0   .........#..m...
0x000000f391ffe680:   0000026dfecec040 0000000000000000   @...m...........
0x000000f391ffe690:   0000000000000000 00007ff88059f108   ..........Y.....
0x000000f391ffe6a0:   0000026da7c1e9d8 00007ff8805f4ca0   ....m....L_.....
0x000000f391ffe6b0:   0000000000100000 0000000000001000   ................
0x000000f391ffe6c0:   000000f391ffe868 0000026da7c1e9d8   h...........m...
0x000000f391ffe6d0:   0000026dfee5f300 0000026dfee5f640   ....m...@...m...
0x000000f391ffe6e0:   0000026dfee5f640 00007ff8805f4ca0   @...m....L_.....
0x000000f391ffe6f0:   0000026dfe7bdc20 0000026da57b0000    .{.m.....{.m...
0x000000f391ffe700:   000000f391ffe9a0 0000000000008840   ........@.......
0x000000f391ffe710:   00007ff8805e7080 00007ff8805f4cf0   .p^......L_.....
0x000000f391ffe720:   0000000000989680 0000000000989680   ................
0x000000f391ffe730:   000000f391ffe840 00007ff8804acc21   @.......!.J.....
0x000000f391ffe740:   00007ff8805f4ca0 00007ff8805f4cf8   .L_......L_.....
0x000000f391ffe750:   00007ff800000000 00007ff800000001   ................

Instructions: (pc=0x00007ff8804b26c4)
  0x00007ff8804b25c4:   cc cc cc cc cc cc cc cc cc cc cc cc cc cc cc cc
  0x00007ff8804b25d4:   cc cc cc cc cc cc cc cc cc cc cc cc cc cc cc cc
  0x00007ff8804b25e4:   cc cc cc cc cc cc cc cc cc cc cc cc cc cc cc cc
  0x00007ff8804b25f4:   cc cc cc cc cc cc cc cc cc cc cc cc cc cc cc cc
  0x00007ff8804b2604:   cc cc cc cc cc cc cc cc cc cc cc cc cc cc cc cc
  0x00007ff8804b2614:   cc cc cc cc cc cc cc cc cc cc cc cc cc cc cc cc
  0x00007ff8804b2624:   cc cc cc cc cc cc cc cc cc cc cc cc cc cc cc cc
  0x00007ff8804b2634:   cc cc cc cc cc cc cc cc cc cc cc cc cc cc cc cc
  0x00007ff8804b2644:   cc cc cc cc cc cc cc cc cc cc cc cc 40 57 48 83
  0x00007ff8804b2654:   ec 20 48 8b f9 48 8b 0d 10 28 14 00 48 85 c9 74
  0x00007ff8804b2664:   20 48 8b 01 48 8d 54 24 38 41 b8 06 00 01 00 4c
  0x00007ff8804b2674:   8b 48 30 41 ff d1 85 c0 75 07 48 8b 4c 24 38 eb
  0x00007ff8804b2684:   02 33 c9 4c 8b 05 ea 28 14 00 48 89 5c 24 30 4d
  0x00007ff8804b2694:   85 c0 74 4a 48 8b 01 48 8b d7 4c 8b 88 28 03 00
  0x00007ff8804b26a4:   00 41 ff d1 48 85 c0 74 35 48 63 0d f8 e6 13 00
  0x00007ff8804b26b4:   48 8b 14 01 48 85 d2 74 15 48 63 05 fc e6 13 00
=>0x00007ff8804b26c4:   8b 04 10 48 8b 5c 24 30 48 83 c4 20 5f c3 b8 ff
  0x00007ff8804b26d4:   ff ff ff 48 8b 5c 24 30 48 83 c4 20 5f c3 80 3d
  0x00007ff8804b26e4:   9b 27 14 00 00 bb ff ff ff ff 74 20 4c 8b 0d 31
  0x00007ff8804b26f4:   24 14 00 4c 8d 44 24 38 48 8b 0d 15 24 14 00 48
  0x00007ff8804b2704:   8b d7 41 ff d1 85 c0 0f 44 5c 24 38 8b c3 48 8b
  0x00007ff8804b2714:   5c 24 30 48 83 c4 20 5f c3 cc cc cc cc cc cc cc
  0x00007ff8804b2724:   cc cc cc cc cc cc cc cc cc cc cc cc cc cc cc cc
  0x00007ff8804b2734:   cc cc cc cc cc cc cc cc cc cc cc cc cc cc cc cc
  0x00007ff8804b2744:   cc cc cc cc cc cc cc cc cc cc cc cc 48 89 54 24
  0x00007ff8804b2754:   10 53 55 56 57 41 56 41 57 48 83 ec 28 48 8b f2
  0x00007ff8804b2764:   4c 8b f1 48 89 4c 24 78 45 33 ff 44 89 7c 24 68
  0x00007ff8804b2774:   c7 44 24 60 01 00 00 00 48 8d 4c 24 68 e8 ed 42
  0x00007ff8804b2784:   f7 ff 8b d8 48 8d 4c 24 60 e8 e1 42 f7 ff 8b e8
  0x00007ff8804b2794:   49 8b ce e8 00 fc f6 ff 48 8b f8 90 8b c3 f0 0f
  0x00007ff8804b27a4:   b1 2f 74 04 f3 90 eb f4 4c 89 3e 4c 89 7e 08 4c
  0x00007ff8804b27b4:   89 7e 10 49 8b 6e 08 4d 8b 76 10 49 3b ee 0f 84


Stack slot to memory mapping:

stack at sp + 0 slots: 0x000000f391ffe6d0 is pointing into the stack for thread: 0x0000026da7c1e610
stack at sp + 1 slots: 0x0000026dfd05c328 points into unknown readable memory: 0x0000000732801ee8 | e8 1e 80 32 07 00 00 00
stack at sp + 2 slots: 0x0 is null
stack at sp + 3 slots: 0x0000026da58ae170 points into unknown readable memory: 0x6e616c2e6176616a | 6a 61 76 61 2e 6c 61 6e
stack at sp + 4 slots: 0x000000000000001a is an unknown value
stack at sp + 5 slots: 0x00007ff8804b2b9b libasyncProfiler.dll
stack at sp + 6 slots: 0x0 is null
stack at sp + 7 slots: 0x0000026da7c1e9d8 points into unknown readable memory: 0x00007ff8506417b0 | b0 17 64 50 f8 7f 00 00

Lock stack of current Java thread (top to bottom):


---------------  P R O C E S S  ---------------

Threads class SMR info:
_java_thread_list=0x0000026dfee59bd0, length=19, elements={
0x0000026da7c1e610, 0x0000026dbbbc71f0, 0x0000026dbbbc7c90, 0x0000026dbbbca5c0,
0x0000026dbbbcf210, 0x0000026dbbbcfd40, 0x0000026dbbbd4880, 0x0000026dbbbdd8f0,
0x0000026dbbc3d000, 0x0000026dbbd06760, 0x0000026dbbd95d10, 0x0000026dbbd964a0,
0x0000026dfd053eb0, 0x0000026dfd7d9f40, 0x0000026dfe7737a0, 0x0000026dfee2eef0,
0x0000026dfee3c000, 0x0000026dfee55760, 0x0000026dfee59d80
}

Java Threads: ( => current thread )
=>0x0000026da7c1e610 JavaThread "main"                              [_thread_in_native, id=15192, stack(0x000000f391f00000,0x000000f392000000) (1024K)]
  0x0000026dbbbc71f0 JavaThread "Reference Handler"          daemon [_thread_blocked, id=4888, stack(0x000000f392700000,0x000000f392800000) (1024K)]
  0x0000026dbbbc7c90 JavaThread "Finalizer"                  daemon [_thread_blocked, id=31524, stack(0x000000f392800000,0x000000f392900000) (1024K)]
  0x0000026dbbbca5c0 JavaThread "Signal Dispatcher"          daemon [_thread_blocked, id=43704, stack(0x000000f392900000,0x000000f392a00000) (1024K)]
  0x0000026dbbbcf210 JavaThread "Attach Listener"            daemon [_thread_blocked, id=26996, stack(0x000000f392a00000,0x000000f392b00000) (1024K)]
  0x0000026dbbbcfd40 JavaThread "Service Thread"             daemon [_thread_blocked, id=43368, stack(0x000000f392b00000,0x000000f392c00000) (1024K)]
  0x0000026dbbbd4880 JavaThread "Monitor Deflation Thread"   daemon [_thread_blocked, id=43532, stack(0x000000f392c00000,0x000000f392d00000) (1024K)]
  0x0000026dbbbdd8f0 JavaThread "C1 CompilerThread0"         daemon [_thread_blocked, id=19328, stack(0x000000f392d00000,0x000000f392e00000) (1024K)]
  0x0000026dbbc3d000 JavaThread "C1 CompilerThread1"         daemon [_thread_blocked, id=28464, stack(0x000000f392e00000,0x000000f392f00000) (1024K)]
  0x0000026dbbd06760 JavaThread "Common-Cleaner"             daemon [_thread_blocked, id=37884, stack(0x000000f392f00000,0x000000f393000000) (1024K)]
  0x0000026dbbd95d10 JavaThread "C1 CompilerThread2"         daemon [_thread_blocked, id=21816, stack(0x000000f393000000,0x000000f393100000) (1024K)]
  0x0000026dbbd964a0 JavaThread "C1 CompilerThread3"         daemon [_thread_blocked, id=25812, stack(0x000000f393100000,0x000000f393200000) (1024K)]
  0x0000026dfd053eb0 JavaThread "Monitor Ctrl-Break"         daemon [_thread_in_native, id=14968, stack(0x000000f393200000,0x000000f393300000) (1024K)]
  0x0000026dfd7d9f40 JavaThread "JFR Recorder Thread"        daemon [_thread_in_native, id=38700, stack(0x000000f393300000,0x000000f393400000) (1024K)]
  0x0000026dfe7737a0 JavaThread "JFR Periodic Tasks"         daemon [_thread_blocked, id=5256, stack(0x000000f393400000,0x000000f393500000) (1024K)]
  0x0000026dfee2eef0 JavaThread "RMI TCP Accept-0"           daemon [_thread_in_native, id=24108, stack(0x000000f393500000,0x000000f393600000) (1024K)]
  0x0000026dfee3c000 JavaThread "RMI TCP Connection(1)-192.168.4.85" daemon [_thread_in_native, id=9348, stack(0x000000f393600000,0x000000f393700000) (1024K)]
  0x0000026dfee55760 JavaThread "RMI Scheduler(0)"           daemon [_thread_blocked, id=28124, stack(0x000000f393700000,0x000000f393800000) (1024K)]
  0x0000026dfee59d80 JavaThread "JMX server connection timeout 42" daemon [_thread_blocked, id=7424, stack(0x000000f393800000,0x000000f393900000) (1024K)]
Total: 19

Other Threads:
  0x0000026da78889b0 VMThread "VM Thread"                           [id=20564, stack(0x000000f392600000,0x000000f392700000) (1024K)]
  0x0000026da782f550 WatcherThread "VM Periodic Task Thread"        [id=13608, stack(0x000000f392500000,0x000000f392600000) (1024K)]
  0x0000026da775bb60 WorkerThread "GC Thread#0"                     [id=30544, stack(0x000000f392000000,0x000000f392100000) (1024K)]
  0x0000026da776fe30 ConcurrentGCThread "G1 Main Marker"            [id=28948, stack(0x000000f392100000,0x000000f392200000) (1024K)]
  0x0000026da7770ce0 WorkerThread "G1 Conc#0"                       [id=26524, stack(0x000000f392200000,0x000000f392300000) (1024K)]
  0x0000026da7823f30 ConcurrentGCThread "G1 Refine#0"               [id=39628, stack(0x000000f392300000,0x000000f392400000) (1024K)]
  0x0000026da78249c0 ConcurrentGCThread "G1 Service"                [id=18848, stack(0x000000f392400000,0x000000f392500000) (1024K)]
Total: 7

Threads with active compile tasks:
Total: 0

VM state: not at safepoint (normal execution)

VM Mutex/Monitor currently owned by a thread: None

Heap address: 0x0000000724e00000, size: 3506 MB, Compressed Oops mode: Zero based, Oop shift amount: 3

CDS archive(s) mapped at: [0x0000026dbc000000-0x0000026dbcd40000-0x0000026dbcd40000), size 13893632, SharedBaseAddress: 0x0000026dbc000000, ArchiveRelocationMode: 1.
Compressed class space mapped at: 0x0000026dbd000000-0x0000026dfd000000, reserved size: 1073741824
UseCompressedClassPointers 1, UseCompactObjectHeaders 0
Narrow klass pointer bits 32, Max shift 3
Narrow klass base: 0x0000026dbc000000, Narrow klass shift: 0
Encoding Range: [0x0000026dbc000000 - 0x0000026ebc000000), (4294967296 bytes)
Klass Range:    [0x0000026dbc000000 - 0x0000026dfd000000), (1090519040 bytes)
Klass ID Range:  [8 - 1090519033) (1090519025)

GC Precious Log:
 CardTable entry size: 512
 Card Set container configuration: InlinePtr #cards 4 size 8 Array Of Cards #cards 16 size 48 Howl #buckets 8 coarsen threshold 3686 Howl Bitmap #cards 512 size 80 coarsen threshold 460 Card regions per heap region 1 cards per card region 4096
 CPUs: 16 total, 16 available
 Memory: 14020M
 Large Page Support: Disabled
 NUMA Support: Disabled
 Compressed Oops: Enabled (Zero based)
 Heap Region Size: 2M
 Heap Min Capacity: 8M
 Heap Initial Capacity: 220M
 Heap Max Capacity: 3506M
 Pre-touch: Disabled
 Parallel Workers: 13
 Concurrent Workers: 3
 Concurrent Refinement Workers: 13
 Periodic GC: Disabled

Heap:
 garbage-first heap   total reserved 3590144K, committed 227328K, used 31856K [0x0000000724e00000, 0x0000000800000000)
  region size 2048K, 17 young (34816K), 0 survivors (0K)
 Metaspace       used 6499K, committed 6784K, reserved 1114112K
  class space    used 708K, committed 832K, reserved 1048576K

Heap Regions: E=young(eden), S=young(survivor), O=old, HS=humongous(starts), HC=humongous(continues), CS=collection set, F=free, TAMS=top-at-mark-start, PB=parsable bottom
|   0|0x0000000724e00000, 0x0000000724e00000, 0x0000000725000000|  0%| F|  |TAMS 0x0000000724e00000| PB 0x0000000724e00000| Untracked |  0
|   1|0x0000000725000000, 0x0000000725000000, 0x0000000725200000|  0%| F|  |TAMS 0x0000000725000000| PB 0x0000000725000000| Untracked |  0
|   2|0x0000000725200000, 0x0000000725200000, 0x0000000725400000|  0%| F|  |TAMS 0x0000000725200000| PB 0x0000000725200000| Untracked |  0
|   3|0x0000000725400000, 0x0000000725400000, 0x0000000725600000|  0%| F|  |TAMS 0x0000000725400000| PB 0x0000000725400000| Untracked |  0
|   4|0x0000000725600000, 0x0000000725600000, 0x0000000725800000|  0%| F|  |TAMS 0x0000000725600000| PB 0x0000000725600000| Untracked |  0
|   5|0x0000000725800000, 0x0000000725800000, 0x0000000725a00000|  0%| F|  |TAMS 0x0000000725800000| PB 0x0000000725800000| Untracked |  0
|   6|0x0000000725a00000, 0x0000000725a00000, 0x0000000725c00000|  0%| F|  |TAMS 0x0000000725a00000| PB 0x0000000725a00000| Untracked |  0
|   7|0x0000000725c00000, 0x0000000725c00000, 0x0000000725e00000|  0%| F|  |TAMS 0x0000000725c00000| PB 0x0000000725c00000| Untracked |  0
|   8|0x0000000725e00000, 0x0000000725e00000, 0x0000000726000000|  0%| F|  |TAMS 0x0000000725e00000| PB 0x0000000725e00000| Untracked |  0
|   9|0x0000000726000000, 0x0000000726000000, 0x0000000726200000|  0%| F|  |TAMS 0x0000000726000000| PB 0x0000000726000000| Untracked |  0
|  10|0x0000000726200000, 0x0000000726200000, 0x0000000726400000|  0%| F|  |TAMS 0x0000000726200000| PB 0x0000000726200000| Untracked |  0
|  11|0x0000000726400000, 0x0000000726400000, 0x0000000726600000|  0%| F|  |TAMS 0x0000000726400000| PB 0x0000000726400000| Untracked |  0
|  12|0x0000000726600000, 0x0000000726600000, 0x0000000726800000|  0%| F|  |TAMS 0x0000000726600000| PB 0x0000000726600000| Untracked |  0
|  13|0x0000000726800000, 0x0000000726800000, 0x0000000726a00000|  0%| F|  |TAMS 0x0000000726800000| PB 0x0000000726800000| Untracked |  0
|  14|0x0000000726a00000, 0x0000000726a00000, 0x0000000726c00000|  0%| F|  |TAMS 0x0000000726a00000| PB 0x0000000726a00000| Untracked |  0
|  15|0x0000000726c00000, 0x0000000726c00000, 0x0000000726e00000|  0%| F|  |TAMS 0x0000000726c00000| PB 0x0000000726c00000| Untracked |  0
|  16|0x0000000726e00000, 0x0000000726e00000, 0x0000000727000000|  0%| F|  |TAMS 0x0000000726e00000| PB 0x0000000726e00000| Untracked |  0
|  17|0x0000000727000000, 0x0000000727000000, 0x0000000727200000|  0%| F|  |TAMS 0x0000000727000000| PB 0x0000000727000000| Untracked |  0
|  18|0x0000000727200000, 0x0000000727200000, 0x0000000727400000|  0%| F|  |TAMS 0x0000000727200000| PB 0x0000000727200000| Untracked |  0
|  19|0x0000000727400000, 0x0000000727400000, 0x0000000727600000|  0%| F|  |TAMS 0x0000000727400000| PB 0x0000000727400000| Untracked |  0
|  20|0x0000000727600000, 0x0000000727600000, 0x0000000727800000|  0%| F|  |TAMS 0x0000000727600000| PB 0x0000000727600000| Untracked |  0
|  21|0x0000000727800000, 0x0000000727800000, 0x0000000727a00000|  0%| F|  |TAMS 0x0000000727800000| PB 0x0000000727800000| Untracked |  0
|  22|0x0000000727a00000, 0x0000000727a00000, 0x0000000727c00000|  0%| F|  |TAMS 0x0000000727a00000| PB 0x0000000727a00000| Untracked |  0
|  23|0x0000000727c00000, 0x0000000727c00000, 0x0000000727e00000|  0%| F|  |TAMS 0x0000000727c00000| PB 0x0000000727c00000| Untracked |  0
|  24|0x0000000727e00000, 0x0000000727e00000, 0x0000000728000000|  0%| F|  |TAMS 0x0000000727e00000| PB 0x0000000727e00000| Untracked |  0
|  25|0x0000000728000000, 0x0000000728000000, 0x0000000728200000|  0%| F|  |TAMS 0x0000000728000000| PB 0x0000000728000000| Untracked |  0
|  26|0x0000000728200000, 0x0000000728200000, 0x0000000728400000|  0%| F|  |TAMS 0x0000000728200000| PB 0x0000000728200000| Untracked |  0
|  27|0x0000000728400000, 0x0000000728400000, 0x0000000728600000|  0%| F|  |TAMS 0x0000000728400000| PB 0x0000000728400000| Untracked |  0
|  28|0x0000000728600000, 0x0000000728600000, 0x0000000728800000|  0%| F|  |TAMS 0x0000000728600000| PB 0x0000000728600000| Untracked |  0
|  29|0x0000000728800000, 0x0000000728800000, 0x0000000728a00000|  0%| F|  |TAMS 0x0000000728800000| PB 0x0000000728800000| Untracked |  0
|  30|0x0000000728a00000, 0x0000000728a00000, 0x0000000728c00000|  0%| F|  |TAMS 0x0000000728a00000| PB 0x0000000728a00000| Untracked |  0
|  31|0x0000000728c00000, 0x0000000728c00000, 0x0000000728e00000|  0%| F|  |TAMS 0x0000000728c00000| PB 0x0000000728c00000| Untracked |  0
|  32|0x0000000728e00000, 0x0000000728e00000, 0x0000000729000000|  0%| F|  |TAMS 0x0000000728e00000| PB 0x0000000728e00000| Untracked |  0
|  33|0x0000000729000000, 0x0000000729000000, 0x0000000729200000|  0%| F|  |TAMS 0x0000000729000000| PB 0x0000000729000000| Untracked |  0
|  34|0x0000000729200000, 0x0000000729200000, 0x0000000729400000|  0%| F|  |TAMS 0x0000000729200000| PB 0x0000000729200000| Untracked |  0
|  35|0x0000000729400000, 0x0000000729400000, 0x0000000729600000|  0%| F|  |TAMS 0x0000000729400000| PB 0x0000000729400000| Untracked |  0
|  36|0x0000000729600000, 0x0000000729600000, 0x0000000729800000|  0%| F|  |TAMS 0x0000000729600000| PB 0x0000000729600000| Untracked |  0
|  37|0x0000000729800000, 0x0000000729800000, 0x0000000729a00000|  0%| F|  |TAMS 0x0000000729800000| PB 0x0000000729800000| Untracked |  0
|  38|0x0000000729a00000, 0x0000000729a00000, 0x0000000729c00000|  0%| F|  |TAMS 0x0000000729a00000| PB 0x0000000729a00000| Untracked |  0
|  39|0x0000000729c00000, 0x0000000729c00000, 0x0000000729e00000|  0%| F|  |TAMS 0x0000000729c00000| PB 0x0000000729c00000| Untracked |  0
|  40|0x0000000729e00000, 0x0000000729e00000, 0x000000072a000000|  0%| F|  |TAMS 0x0000000729e00000| PB 0x0000000729e00000| Untracked |  0
|  41|0x000000072a000000, 0x000000072a000000, 0x000000072a200000|  0%| F|  |TAMS 0x000000072a000000| PB 0x000000072a000000| Untracked |  0
|  42|0x000000072a200000, 0x000000072a200000, 0x000000072a400000|  0%| F|  |TAMS 0x000000072a200000| PB 0x000000072a200000| Untracked |  0
|  43|0x000000072a400000, 0x000000072a400000, 0x000000072a600000|  0%| F|  |TAMS 0x000000072a400000| PB 0x000000072a400000| Untracked |  0
|  44|0x000000072a600000, 0x000000072a600000, 0x000000072a800000|  0%| F|  |TAMS 0x000000072a600000| PB 0x000000072a600000| Untracked |  0
|  45|0x000000072a800000, 0x000000072a800000, 0x000000072aa00000|  0%| F|  |TAMS 0x000000072a800000| PB 0x000000072a800000| Untracked |  0
|  46|0x000000072aa00000, 0x000000072aa00000, 0x000000072ac00000|  0%| F|  |TAMS 0x000000072aa00000| PB 0x000000072aa00000| Untracked |  0
|  47|0x000000072ac00000, 0x000000072ac00000, 0x000000072ae00000|  0%| F|  |TAMS 0x000000072ac00000| PB 0x000000072ac00000| Untracked |  0
|  48|0x000000072ae00000, 0x000000072ae00000, 0x000000072b000000|  0%| F|  |TAMS 0x000000072ae00000| PB 0x000000072ae00000| Untracked |  0
|  49|0x000000072b000000, 0x000000072b000000, 0x000000072b200000|  0%| F|  |TAMS 0x000000072b000000| PB 0x000000072b000000| Untracked |  0
|  50|0x000000072b200000, 0x000000072b200000, 0x000000072b400000|  0%| F|  |TAMS 0x000000072b200000| PB 0x000000072b200000| Untracked |  0
|  51|0x000000072b400000, 0x000000072b400000, 0x000000072b600000|  0%| F|  |TAMS 0x000000072b400000| PB 0x000000072b400000| Untracked |  0
|  52|0x000000072b600000, 0x000000072b600000, 0x000000072b800000|  0%| F|  |TAMS 0x000000072b600000| PB 0x000000072b600000| Untracked |  0
|  53|0x000000072b800000, 0x000000072b800000, 0x000000072ba00000|  0%| F|  |TAMS 0x000000072b800000| PB 0x000000072b800000| Untracked |  0
|  54|0x000000072ba00000, 0x000000072ba00000, 0x000000072bc00000|  0%| F|  |TAMS 0x000000072ba00000| PB 0x000000072ba00000| Untracked |  0
|  55|0x000000072bc00000, 0x000000072bc00000, 0x000000072be00000|  0%| F|  |TAMS 0x000000072bc00000| PB 0x000000072bc00000| Untracked |  0
|  56|0x000000072be00000, 0x000000072be00000, 0x000000072c000000|  0%| F|  |TAMS 0x000000072be00000| PB 0x000000072be00000| Untracked |  0
|  57|0x000000072c000000, 0x000000072c000000, 0x000000072c200000|  0%| F|  |TAMS 0x000000072c000000| PB 0x000000072c000000| Untracked |  0
|  58|0x000000072c200000, 0x000000072c200000, 0x000000072c400000|  0%| F|  |TAMS 0x000000072c200000| PB 0x000000072c200000| Untracked |  0
|  59|0x000000072c400000, 0x000000072c400000, 0x000000072c600000|  0%| F|  |TAMS 0x000000072c400000| PB 0x000000072c400000| Untracked |  0
|  60|0x000000072c600000, 0x000000072c600000, 0x000000072c800000|  0%| F|  |TAMS 0x000000072c600000| PB 0x000000072c600000| Untracked |  0
|  61|0x000000072c800000, 0x000000072c800000, 0x000000072ca00000|  0%| F|  |TAMS 0x000000072c800000| PB 0x000000072c800000| Untracked |  0
|  62|0x000000072ca00000, 0x000000072ca00000, 0x000000072cc00000|  0%| F|  |TAMS 0x000000072ca00000| PB 0x000000072ca00000| Untracked |  0
|  63|0x000000072cc00000, 0x000000072cc00000, 0x000000072ce00000|  0%| F|  |TAMS 0x000000072cc00000| PB 0x000000072cc00000| Untracked |  0
|  64|0x000000072ce00000, 0x000000072ce00000, 0x000000072d000000|  0%| F|  |TAMS 0x000000072ce00000| PB 0x000000072ce00000| Untracked |  0
|  65|0x000000072d000000, 0x000000072d000000, 0x000000072d200000|  0%| F|  |TAMS 0x000000072d000000| PB 0x000000072d000000| Untracked |  0
|  66|0x000000072d200000, 0x000000072d200000, 0x000000072d400000|  0%| F|  |TAMS 0x000000072d200000| PB 0x000000072d200000| Untracked |  0
|  67|0x000000072d400000, 0x000000072d400000, 0x000000072d600000|  0%| F|  |TAMS 0x000000072d400000| PB 0x000000072d400000| Untracked |  0
|  68|0x000000072d600000, 0x000000072d600000, 0x000000072d800000|  0%| F|  |TAMS 0x000000072d600000| PB 0x000000072d600000| Untracked |  0
|  69|0x000000072d800000, 0x000000072d800000, 0x000000072da00000|  0%| F|  |TAMS 0x000000072d800000| PB 0x000000072d800000| Untracked |  0
|  70|0x000000072da00000, 0x000000072da00000, 0x000000072dc00000|  0%| F|  |TAMS 0x000000072da00000| PB 0x000000072da00000| Untracked |  0
|  71|0x000000072dc00000, 0x000000072dc00000, 0x000000072de00000|  0%| F|  |TAMS 0x000000072dc00000| PB 0x000000072dc00000| Untracked |  0
|  72|0x000000072de00000, 0x000000072de00000, 0x000000072e000000|  0%| F|  |TAMS 0x000000072de00000| PB 0x000000072de00000| Untracked |  0
|  73|0x000000072e000000, 0x000000072e000000, 0x000000072e200000|  0%| F|  |TAMS 0x000000072e000000| PB 0x000000072e000000| Untracked |  0
|  74|0x000000072e200000, 0x000000072e200000, 0x000000072e400000|  0%| F|  |TAMS 0x000000072e200000| PB 0x000000072e200000| Untracked |  0
|  75|0x000000072e400000, 0x000000072e400000, 0x000000072e600000|  0%| F|  |TAMS 0x000000072e400000| PB 0x000000072e400000| Untracked |  0
|  76|0x000000072e600000, 0x000000072e600000, 0x000000072e800000|  0%| F|  |TAMS 0x000000072e600000| PB 0x000000072e600000| Untracked |  0
|  77|0x000000072e800000, 0x000000072e800000, 0x000000072ea00000|  0%| F|  |TAMS 0x000000072e800000| PB 0x000000072e800000| Untracked |  0
|  78|0x000000072ea00000, 0x000000072ea00000, 0x000000072ec00000|  0%| F|  |TAMS 0x000000072ea00000| PB 0x000000072ea00000| Untracked |  0
|  79|0x000000072ec00000, 0x000000072ec00000, 0x000000072ee00000|  0%| F|  |TAMS 0x000000072ec00000| PB 0x000000072ec00000| Untracked |  0
|  80|0x000000072ee00000, 0x000000072ee00000, 0x000000072f000000|  0%| F|  |TAMS 0x000000072ee00000| PB 0x000000072ee00000| Untracked |  0
|  81|0x000000072f000000, 0x000000072f000000, 0x000000072f200000|  0%| F|  |TAMS 0x000000072f000000| PB 0x000000072f000000| Untracked |  0
|  82|0x000000072f200000, 0x000000072f200000, 0x000000072f400000|  0%| F|  |TAMS 0x000000072f200000| PB 0x000000072f200000| Untracked |  0
|  83|0x000000072f400000, 0x000000072f400000, 0x000000072f600000|  0%| F|  |TAMS 0x000000072f400000| PB 0x000000072f400000| Untracked |  0
|  84|0x000000072f600000, 0x000000072f600000, 0x000000072f800000|  0%| F|  |TAMS 0x000000072f600000| PB 0x000000072f600000| Untracked |  0
|  85|0x000000072f800000, 0x000000072f800000, 0x000000072fa00000|  0%| F|  |TAMS 0x000000072f800000| PB 0x000000072f800000| Untracked |  0
|  86|0x000000072fa00000, 0x000000072fa00000, 0x000000072fc00000|  0%| F|  |TAMS 0x000000072fa00000| PB 0x000000072fa00000| Untracked |  0
|  87|0x000000072fc00000, 0x000000072fc00000, 0x000000072fe00000|  0%| F|  |TAMS 0x000000072fc00000| PB 0x000000072fc00000| Untracked |  0
|  88|0x000000072fe00000, 0x000000072fe00000, 0x0000000730000000|  0%| F|  |TAMS 0x000000072fe00000| PB 0x000000072fe00000| Untracked |  0
|  89|0x0000000730000000, 0x0000000730000000, 0x0000000730200000|  0%| F|  |TAMS 0x0000000730000000| PB 0x0000000730000000| Untracked |  0
|  90|0x0000000730200000, 0x0000000730200000, 0x0000000730400000|  0%| F|  |TAMS 0x0000000730200000| PB 0x0000000730200000| Untracked |  0
|  91|0x0000000730400000, 0x0000000730400000, 0x0000000730600000|  0%| F|  |TAMS 0x0000000730400000| PB 0x0000000730400000| Untracked |  0
|  92|0x0000000730600000, 0x0000000730600000, 0x0000000730800000|  0%| F|  |TAMS 0x0000000730600000| PB 0x0000000730600000| Untracked |  0
|  93|0x0000000730800000, 0x00000007309ec878, 0x0000000730a00000| 96%| E|  |TAMS 0x0000000730800000| PB 0x0000000730800000| Complete |  0
|  94|0x0000000730a00000, 0x0000000730c00000, 0x0000000730c00000|100%| E|CS|TAMS 0x0000000730a00000| PB 0x0000000730a00000| Complete |  0
|  95|0x0000000730c00000, 0x0000000730e00000, 0x0000000730e00000|100%| E|CS|TAMS 0x0000000730c00000| PB 0x0000000730c00000| Complete |  0
|  96|0x0000000730e00000, 0x0000000731000000, 0x0000000731000000|100%| E|CS|TAMS 0x0000000730e00000| PB 0x0000000730e00000| Complete |  0
|  97|0x0000000731000000, 0x0000000731200000, 0x0000000731200000|100%| E|CS|TAMS 0x0000000731000000| PB 0x0000000731000000| Complete |  0
|  98|0x0000000731200000, 0x0000000731400000, 0x0000000731400000|100%| E|CS|TAMS 0x0000000731200000| PB 0x0000000731200000| Complete |  0
|  99|0x0000000731400000, 0x0000000731600000, 0x0000000731600000|100%| E|CS|TAMS 0x0000000731400000| PB 0x0000000731400000| Complete |  0
| 100|0x0000000731600000, 0x0000000731800000, 0x0000000731800000|100%| E|CS|TAMS 0x0000000731600000| PB 0x0000000731600000| Complete |  0
| 101|0x0000000731800000, 0x0000000731a00000, 0x0000000731a00000|100%| E|CS|TAMS 0x0000000731800000| PB 0x0000000731800000| Complete |  0
| 102|0x0000000731a00000, 0x0000000731c00000, 0x0000000731c00000|100%| E|CS|TAMS 0x0000000731a00000| PB 0x0000000731a00000| Complete |  0
| 103|0x0000000731c00000, 0x0000000731e00000, 0x0000000731e00000|100%| E|CS|TAMS 0x0000000731c00000| PB 0x0000000731c00000| Complete |  0
| 104|0x0000000731e00000, 0x0000000732000000, 0x0000000732000000|100%| E|CS|TAMS 0x0000000731e00000| PB 0x0000000731e00000| Complete |  0
| 105|0x0000000732000000, 0x0000000732200000, 0x0000000732200000|100%| E|CS|TAMS 0x0000000732000000| PB 0x0000000732000000| Complete |  0
| 106|0x0000000732200000, 0x0000000732400000, 0x0000000732400000|100%| E|CS|TAMS 0x0000000732200000| PB 0x0000000732200000| Complete |  0
| 107|0x0000000732400000, 0x0000000732600000, 0x0000000732600000|100%| E|CS|TAMS 0x0000000732400000| PB 0x0000000732400000| Complete |  0
| 108|0x0000000732600000, 0x0000000732800000, 0x0000000732800000|100%| E|  |TAMS 0x0000000732600000| PB 0x0000000732600000| Complete |  0
| 109|0x0000000732800000, 0x0000000732a00000, 0x0000000732a00000|100%| E|CS|TAMS 0x0000000732800000| PB 0x0000000732800000| Complete |  0
|1752|0x00000007ffe00000, 0x00000007fff1c348, 0x0000000800000000| 55%| O|  |TAMS 0x00000007ffe00000| PB 0x00000007ffe00000| Untracked |  0

Card table byte_map: [0x0000026db4e90000,0x0000026db5570000] _byte_map_base: 0x0000026db1569000

Marking Bits: (CMBitMap*) 0x0000026da775e280
 Bits: [0x0000026db5570000, 0x0000026db8c38000)

Polling page: 0x0000026da59d0000

Metaspace:

Usage:
  Non-class:      5.66 MB used.
      Class:    708.55 KB used.
       Both:      6.35 MB used.

Virtual space:
  Non-class space:       64.00 MB reserved,       5.81 MB (  9%) committed,  1 nodes.
      Class space:        1.00 GB reserved,     832.00 KB ( <1%) committed,  1 nodes.
             Both:        1.06 GB reserved,       6.62 MB ( <1%) committed. 

Chunk freelists:
   Non-Class:  10.06 MB
       Class:  15.20 MB
        Both:  25.26 MB

MaxMetaspaceSize: unlimited
CompressedClassSpaceSize: 1.00 GB
Initial GC threshold: 21.00 MB
Current GC threshold: 21.00 MB
CDS: on
 - commit_granule_bytes: 65536.
 - commit_granule_words: 8192.
 - virtual_space_node_default_size: 8388608.
 - enlarge_chunks_in_place: 1.
UseCompressedClassPointers 1, UseCompactObjectHeaders 0
Narrow klass pointer bits 32, Max shift 3
Narrow klass base: 0x0000026dbc000000, Narrow klass shift: 0
Encoding Range: [0x0000026dbc000000 - 0x0000026ebc000000), (4294967296 bytes)
Klass Range:    [0x0000026dbc000000 - 0x0000026dfd000000), (1090519040 bytes)
Klass ID Range:  [8 - 1090519033) (1090519025)


Internal statistics:

num_allocs_failed_limit: 0.
num_arena_births: 178.
num_arena_deaths: 0.
num_vsnodes_births: 2.
num_vsnodes_deaths: 0.
num_space_committed: 106.
num_space_uncommitted: 0.
num_chunks_returned_to_freelist: 0.
num_chunks_taken_from_freelist: 244.
num_chunk_merges: 0.
num_chunk_splits: 137.
num_chunks_enlarged: 39.
num_inconsistent_stats: 0.

CodeCache: size=49152Kb used=5003Kb max_used=5003Kb free=44148Kb
 bounds [0x0000026db0c00000, 0x0000026db10f0000, 0x0000026db3c00000]
 total_blobs=2361, nmethods=1882, adapters=402, full_count=0
Compilation: enabled, stopped_count=0, restarted_count=0

Compilation events (20 events):
Event: 0.442 Thread 0x0000026dbbbdd8f0 1794       1       java.util.logging.Level::intValue (5 bytes)
Event: 0.442 Thread 0x0000026dbbd964a0 1795       1       java.lang.invoke.LambdaForm$MH/0x0000026dbd006000::invoke (25 bytes)
Event: 0.442 Thread 0x0000026dbbbdd8f0 nmethod 1794 0x0000026db10c7208 code [0x0000026db10c7300, 0x0000026db10c73c8]
Event: 0.442 Thread 0x0000026dbbd964a0 nmethod 1795 0x0000026db10c7508 code [0x0000026db10c7620, 0x0000026db10c77a8]
Event: 0.443 Thread 0x0000026dbbd95d10 1800       1       jdk.internal.classfile.impl.DirectClassBuilder::with (9 bytes)
Event: 0.443 Thread 0x0000026dbbd964a0 1799       1       jdk.internal.classfile.impl.DirectClassBuilder::with (33 bytes)
Event: 0.443 Thread 0x0000026dbbd95d10 nmethod 1800 0x0000026db10c8408 code [0x0000026db10c8560, 0x0000026db10c88b0]
Event: 0.443 Thread 0x0000026dbbd964a0 nmethod 1799 0x0000026db10c8908 code [0x0000026db10c8a60, 0x0000026db10c8d48]
Event: 0.444 Thread 0x0000026dbbd95d10 1802       1       java.lang.reflect.Constructor::getModifiers (5 bytes)
Event: 0.444 Thread 0x0000026dbbd95d10 nmethod 1802 0x0000026db10c9108 code [0x0000026db10c9200, 0x0000026db10c92c8]
Event: 0.444 Thread 0x0000026dbbd95d10 1805       1       jdk.internal.classfile.impl.StackMapGenerator$Frame::getLocalRawInternal (13 bytes)
Event: 0.444 Thread 0x0000026dbbbdd8f0 1806       1       jdk.internal.classfile.impl.StackMapGenerator::processFieldInstructions (140 bytes)
Event: 0.444 Thread 0x0000026dbbd95d10 nmethod 1805 0x0000026db10c9d88 code [0x0000026db10c9ea0, 0x0000026db10c9fd0]
Event: 0.445 Thread 0x0000026dbbbdd8f0 nmethod 1806 0x0000026db10ca088 code [0x0000026db10ca2a0, 0x0000026db10cab68]
Event: 0.445 Thread 0x0000026dbbbdd8f0 1807       1       java.lang.Class::newReflectionData (66 bytes)
Event: 0.445 Thread 0x0000026dbbd964a0 1808       1       java.lang.Class$ReflectionData::<init> (10 bytes)
Event: 0.445 Thread 0x0000026dbbc3d000 1809       1       java.lang.Class$Atomic::casReflectionData (13 bytes)
Event: 0.445 Thread 0x0000026dbbd964a0 nmethod 1808 0x0000026db10cac88 code [0x0000026db10cad80, 0x0000026db10cae48]
Event: 0.445 Thread 0x0000026dbbc3d000 nmethod 1809 0x0000026db10caf88 code [0x0000026db10cb0a0, 0x0000026db10cb1b0]
Event: 0.446 Thread 0x0000026dbbc3d000 1810       1       java.lang.Module::allows (60 bytes)

GC Heap History (0 events):
No events

Dll operation events (10 events):
Event: 0.016 Loaded shared library C:\Users\Wiz\.jdks\openjdk-24\bin\java.dll
Event: 0.078 Loaded shared library C:\Users\Wiz\.jdks\openjdk-24\bin\zip.dll
Event: 0.080 Loaded shared library C:\Users\Wiz\.jdks\openjdk-24\bin\instrument.dll
Event: 0.083 Loaded shared library C:\Users\Wiz\.jdks\openjdk-24\bin\net.dll
Event: 0.085 Loaded shared library C:\Users\Wiz\.jdks\openjdk-24\bin\nio.dll
Event: 0.087 Loaded shared library C:\Users\Wiz\.jdks\openjdk-24\bin\zip.dll
Event: 0.126 Loaded shared library C:\Users\Wiz\.jdks\openjdk-24\bin\extnet.dll
Event: 0.163 Loaded shared library C:\Users\Wiz\.jdks\openjdk-24\bin\jimage.dll
Event: 0.222 Loaded shared library C:\Users\Wiz\.jdks\openjdk-24\bin\management.dll
Event: 0.232 Loaded shared library C:\Users\Wiz\.jdks\openjdk-24\bin\management_ext.dll

Deoptimization events (2 events):
Event: 0.300 Thread 0x0000026dbbbcf210 DEOPT PACKING pc=0x0000026db0fe7afc sp=0x000000f392afc3f0
Event: 0.300 Thread 0x0000026dbbbcf210 DEOPT UNPACKING pc=0x0000026db0c55722 sp=0x000000f392afb908 mode 0

Classes loaded (20 events):
Event: 0.444 Loading class javax/management/InstanceAlreadyExistsException
Event: 0.444 Loading class javax/management/InstanceAlreadyExistsException done
Event: 0.444 Loading class javax/management/MBeanRegistrationException
Event: 0.444 Loading class javax/management/MBeanException
Event: 0.444 Loading class javax/management/MBeanException done
Event: 0.444 Loading class javax/management/MBeanRegistrationException done
Event: 0.444 Loading class javax/management/NotCompliantMBeanException
Event: 0.444 Loading class javax/management/NotCompliantMBeanException done
Event: 0.444 Loading class javax/management/AttributeList
Event: 0.444 Loading class javax/management/AttributeList done
Event: 0.445 Loading class javax/management/IntrospectionException
Event: 0.445 Loading class javax/management/IntrospectionException done
Event: 0.445 Loading class javax/management/AttributeNotFoundException
Event: 0.445 Loading class javax/management/AttributeNotFoundException done
Event: 0.445 Loading class javax/management/InvalidAttributeValueException
Event: 0.445 Loading class javax/management/InvalidAttributeValueException done
Event: 0.445 Loading class javax/management/remote/NotificationResult
Event: 0.445 Loading class javax/management/remote/NotificationResult done
Event: 0.445 Loading class javax/management/remote/rmi/RMIConnectionImpl_Skel
Event: 0.445 Loading class javax/management/remote/rmi/RMIConnectionImpl_Skel done

Classes unloaded (0 events):
No events

Classes redefined (0 events):
No events

Internal exceptions (20 events):
Event: 0.237 Thread 0x0000026dbbbcf210 Exception <a 'java/lang/IncompatibleClassChangeError'{0x00000007321807a8}: Found class java.lang.Object, but interface was expected> (0x00000007321807a8) 
thrown [s\open\src\hotspot\share\interpreter\linkResolver.cpp, line 872]
Event: 0.244 Thread 0x0000026da7c1e610 Exception <a 'java/lang/NoSuchMethodError'{0x0000000731fb5ea8}: 'long java.lang.invoke.DirectMethodHandle$Holder.invokeVirtual(java.lang.Object, java.lang.Object)'> (0x0000000731fb5ea8) 
thrown [s\open\src\hotspot\share\interpreter\linkResolver.cpp, line 805]
Event: 0.263 Thread 0x0000026dbbbcf210 Exception <a 'java/lang/NoSuchMethodError'{0x0000000731b0b538}: 'int java.lang.invoke.DirectMethodHandle$Holder.invokeSpecial(java.lang.Object, java.lang.Object, java.lang.Object)'> (0x0000000731b0b538) 
thrown [s\open\src\hotspot\share\interpreter\linkResolver.cpp, line 805]
Event: 0.321 Thread 0x0000026da7c1e610 Exception <a 'java/lang/NoSuchMethodError'{0x00000007317c0eb0}: 'void java.lang.invoke.DirectMethodHandle$Holder.invokeSpecial(java.lang.Object, java.lang.Object, int)'> (0x00000007317c0eb0) 
thrown [s\open\src\hotspot\share\interpreter\linkResolver.cpp, line 805]
Event: 0.321 Thread 0x0000026da7c1e610 Exception <a 'java/lang/NoSuchMethodError'{0x00000007317c8ad0}: 'void java.lang.invoke.Invokers$Holder.invokeExact_MT(java.lang.Object, int, java.lang.Object)'> (0x00000007317c8ad0) 
thrown [s\open\src\hotspot\share\interpreter\linkResolver.cpp, line 805]
Event: 0.323 Thread 0x0000026da7c1e610 Exception <a 'java/lang/NoSuchMethodError'{0x00000007317e3400}: 'void java.lang.invoke.DirectMethodHandle$Holder.invokeStatic(java.lang.Object, java.lang.Object, int)'> (0x00000007317e3400) 
thrown [s\open\src\hotspot\share\interpreter\linkResolver.cpp, line 805]
Event: 0.323 Thread 0x0000026da7c1e610 Exception <a 'java/lang/NoSuchMethodError'{0x00000007314fd1d8}: 'java.lang.Object java.lang.invoke.DirectMethodHandle$Holder.newInvokeSpecial(java.lang.Object, java.lang.Object, int)'> (0x00000007314fd1d8) 
thrown [s\open\src\hotspot\share\interpreter\linkResolver.cpp, line 805]
Event: 0.324 Thread 0x0000026dfe7737a0 Exception <a 'java/lang/NoSuchMethodError'{0x00000007315edba0}: 'long java.lang.invoke.DirectMethodHandle$Holder.invokeSpecial(java.lang.Object, java.lang.Object)'> (0x00000007315edba0) 
thrown [s\open\src\hotspot\share\interpreter\linkResolver.cpp, line 805]
Event: 0.327 Thread 0x0000026da7c1e610 Exception <a 'sun/nio/fs/WindowsException'{0x00000007315316f0}> (0x00000007315316f0) 
thrown [s\open\src\hotspot\share\prims\jni.cpp, line 518]
Event: 0.329 Thread 0x0000026da7c1e610 Exception <a 'sun/nio/fs/WindowsException'{0x000000073153e4e0}> (0x000000073153e4e0) 
thrown [s\open\src\hotspot\share\prims\jni.cpp, line 518]
Event: 0.332 Thread 0x0000026da7c1e610 Exception <a 'sun/nio/fs/WindowsException'{0x00000007315502c0}> (0x00000007315502c0) 
thrown [s\open\src\hotspot\share\prims\jni.cpp, line 518]
Event: 0.374 Thread 0x0000026dbbbcf210 Exception <a 'java/lang/NoSuchMethodError'{0x0000000730f316c0}: 'java.lang.Object java.lang.invoke.DirectMethodHandle$Holder.invokeStaticInit(java.lang.Object, int, int, int, int)'> (0x0000000730f316c0) 
thrown [s\open\src\hotspot\share\interpreter\linkResolver.cpp, line 805]
Event: 0.392 Thread 0x0000026dbbbcf210 Exception <a 'java/lang/NoSuchMethodError'{0x0000000730fd8b20}: 'java.lang.Object java.lang.invoke.DirectMethodHandle$Holder.invokeStaticInit(java.lang.Object, java.lang.Object, int, int, int, int)'> (0x0000000730fd8b20) 
thrown [s\open\src\hotspot\share\interpreter\linkResolver.cpp, line 805]
Event: 0.405 Thread 0x0000026dbbbcf210 Exception <a 'java/lang/ClassNotFoundException'{0x0000000730fefdc0}: javax/management/remote/rmi/RMIServerImpl_Skel> (0x0000000730fefdc0) 
thrown [s\open\src\hotspot\share\classfile\systemDictionary.cpp, line 327]
Event: 0.412 Thread 0x0000026dbbbcf210 Exception <a 'java/lang/NoSuchMethodError'{0x0000000730cf7390}: 'long java.lang.invoke.Invokers$Holder.invokeExact_MT(java.lang.Object, java.lang.Object)'> (0x0000000730cf7390) 
thrown [s\open\src\hotspot\share\interpreter\linkResolver.cpp, line 805]
Event: 0.439 Thread 0x0000026dfee3c000 Exception <a 'java/lang/NoSuchMethodError'{0x0000000730a33bd0}: static [B.<clinit>()V> (0x0000000730a33bd0) 
thrown [s\open\src\hotspot\share\prims\jni.cpp, line 1108]
Event: 0.440 Thread 0x0000026dfee3c000 Exception <a 'java/lang/NoSuchMethodError'{0x0000000730a35520}: 'java.lang.Object java.lang.invoke.DirectMethodHandle$Holder.invokeInterface(java.lang.Object, java.lang.Object, java.lang.Object)'> (0x0000000730a35520) 
thrown [s\open\src\hotspot\share\interpreter\linkResolver.cpp, line 805]
Event: 0.444 Thread 0x0000026dfee59d80 Exception <a 'java/lang/NoSuchMethodError'{0x0000000730bf77d0}: 'java.lang.Object java.lang.invoke.DirectMethodHandle$Holder.invokeSpecial(java.lang.Object, java.lang.Object, java.lang.Object, java.lang.Object, long)'> (0x0000000730bf77d0) 
thrown [s\open\src\hotspot\share\interpreter\linkResolver.cpp, line 805]
Event: 0.444 Thread 0x0000026dfee59d80 Exception <a 'java/lang/NoSuchMethodError'{0x0000000730807c28}: 'java.lang.Object java.lang.invoke.Invokers$Holder.linkToTargetMethod(java.lang.Object, long, java.lang.Object)'> (0x0000000730807c28) 
thrown [s\open\src\hotspot\share\interpreter\linkResolver.cpp, line 805]
Event: 0.445 Thread 0x0000026dfee3c000 Exception <a 'java/lang/ClassNotFoundException'{0x0000000730a4d520}: javax/management/remote/rmi/RMIConnectionImpl_Skel> (0x0000000730a4d520) 
thrown [s\open\src\hotspot\share\classfile\systemDictionary.cpp, line 327]

VM Operations (16 events):
Event: 0.069 Executing VM operation: HandshakeAllThreads (Deoptimize)
Event: 0.069 Executing VM operation: HandshakeAllThreads (Deoptimize) done
Event: 0.300 Executing VM operation: HandshakeAllThreads (Deoptimize)
Event: 0.300 Executing VM operation: HandshakeAllThreads (Deoptimize) done
Event: 0.300 Executing VM operation: HandshakeAllThreads (Deoptimize)
Event: 0.300 Executing VM operation: HandshakeAllThreads (Deoptimize) done
Event: 0.324 Executing VM operation: HandshakeAllThreads (Deoptimize)
Event: 0.324 Executing VM operation: HandshakeAllThreads (Deoptimize) done
Event: 0.326 Executing VM operation: HandshakeAllThreads (Deoptimize)
Event: 0.326 Executing VM operation: HandshakeAllThreads (Deoptimize) done
Event: 0.346 Executing VM operation: JFRSafepointClear
Event: 0.346 Executing VM operation: JFRSafepointClear done
Event: 0.349 Executing VM operation: HandshakeAllThreads (Deoptimize)
Event: 0.349 Executing VM operation: HandshakeAllThreads (Deoptimize) done
Event: 0.445 Executing VM operation: HandshakeAllThreads (Deoptimize)
Event: 0.445 Executing VM operation: HandshakeAllThreads (Deoptimize) done

Memory protections (0 events):
No events

Nmethod flushes (0 events):
No events

Events (19 events):
Event: 0.028 Thread 0x0000026da7c1e610 Thread added: 0x0000026da7c1e610
Event: 0.036 Thread 0x0000026da7c1e610 Thread added: 0x0000026dbbbc71f0
Event: 0.036 Thread 0x0000026da7c1e610 Thread added: 0x0000026dbbbc7c90
Event: 0.037 Thread 0x0000026da7c1e610 Thread added: 0x0000026dbbbca5c0
Event: 0.037 Thread 0x0000026da7c1e610 Thread added: 0x0000026dbbbcf210
Event: 0.037 Thread 0x0000026da7c1e610 Thread added: 0x0000026dbbbcfd40
Event: 0.037 Thread 0x0000026da7c1e610 Thread added: 0x0000026dbbbd4880
Event: 0.037 Thread 0x0000026da7c1e610 Thread added: 0x0000026dbbbdd8f0
Event: 0.054 Thread 0x0000026dbbbdd8f0 Thread added: 0x0000026dbbc3d000
Event: 0.065 Thread 0x0000026da7c1e610 Thread added: 0x0000026dbbd06760
Event: 0.089 Thread 0x0000026dbbbdd8f0 Thread added: 0x0000026dbbd95d10
Event: 0.089 Thread 0x0000026dbbbdd8f0 Thread added: 0x0000026dbbd964a0
Event: 0.117 Thread 0x0000026da7c1e610 Thread added: 0x0000026dfd053eb0
Event: 0.176 Thread 0x0000026da7c1e610 Thread added: 0x0000026dfd7d9f40
Event: 0.324 Thread 0x0000026da7c1e610 Thread added: 0x0000026dfe7737a0
Event: 0.410 Thread 0x0000026dbbbcf210 Thread added: 0x0000026dfee2eef0
Event: 0.425 Thread 0x0000026dfee2eef0 Thread added: 0x0000026dfee3c000
Event: 0.438 Thread 0x0000026dfee3c000 Thread added: 0x0000026dfee55760
Event: 0.443 Thread 0x0000026dfee3c000 Thread added: 0x0000026dfee59d80


Dynamic libraries:
0x00007ff7e1080000 - 0x00007ff7e108e000 	C:\Users\Wiz\.jdks\openjdk-24\bin\java.exe
0x00007ff8f0610000 - 0x00007ff8f0827000 	C:\WINDOWS\SYSTEM32\ntdll.dll
0x00007ff8efd00000 - 0x00007ff8efdc4000 	C:\WINDOWS\System32\KERNEL32.DLL
0x00007ff8edd00000 - 0x00007ff8ee0d3000 	C:\WINDOWS\System32\KERNELBASE.dll
0x00007ff8ed960000 - 0x00007ff8eda71000 	C:\WINDOWS\System32\ucrtbase.dll
0x00007ff8e1a60000 - 0x00007ff8e1a76000 	C:\Users\Wiz\.jdks\openjdk-24\bin\jli.dll
0x00007ff8e1a40000 - 0x00007ff8e1a5b000 	C:\Users\Wiz\.jdks\openjdk-24\bin\VCRUNTIME140.dll
0x00007ff8ef8e0000 - 0x00007ff8efa91000 	C:\WINDOWS\System32\USER32.dll
0x00007ff8ee0e0000 - 0x00007ff8ee106000 	C:\WINDOWS\System32\win32u.dll
0x00007ff8ee6a0000 - 0x00007ff8ee6c9000 	C:\WINDOWS\System32\GDI32.dll
0x00007ff8c6250000 - 0x00007ff8c64e8000 	C:\WINDOWS\WinSxS\amd64_microsoft.windows.common-controls_6595b64144ccf1df_6.0.22621.5124_none_270e8f4f7386d69d\COMCTL32.dll
0x00007ff8ed7c0000 - 0x00007ff8ed8db000 	C:\WINDOWS\System32\gdi32full.dll
0x00007ff8f03c0000 - 0x00007ff8f0467000 	C:\WINDOWS\System32\msvcrt.dll
0x00007ff8ed720000 - 0x00007ff8ed7ba000 	C:\WINDOWS\System32\msvcp_win.dll
0x00007ff8ee9c0000 - 0x00007ff8ee9f1000 	C:\WINDOWS\System32\IMM32.DLL
0x00007ff8e7790000 - 0x00007ff8e779c000 	C:\Users\Wiz\.jdks\openjdk-24\bin\vcruntime140_1.dll
0x00007ff8a7560000 - 0x00007ff8a75ee000 	C:\Users\Wiz\.jdks\openjdk-24\bin\msvcp140.dll
0x00007ff84fa10000 - 0x00007ff8507b2000 	C:\Users\Wiz\.jdks\openjdk-24\bin\server\jvm.dll
0x00007ff8ee6d0000 - 0x00007ff8ee781000 	C:\WINDOWS\System32\ADVAPI32.dll
0x00007ff8ee440000 - 0x00007ff8ee4e8000 	C:\WINDOWS\System32\sechost.dll
0x00007ff8ee110000 - 0x00007ff8ee138000 	C:\WINDOWS\System32\bcrypt.dll
0x00007ff8ef710000 - 0x00007ff8ef824000 	C:\WINDOWS\System32\RPCRT4.dll
0x00007ff8f0320000 - 0x00007ff8f0391000 	C:\WINDOWS\System32\WS2_32.dll
0x00007ff8ec560000 - 0x00007ff8ec5ad000 	C:\WINDOWS\SYSTEM32\POWRPROF.dll
0x00007ff8e74f0000 - 0x00007ff8e7524000 	C:\WINDOWS\SYSTEM32\WINMM.dll
0x00007ff8e6380000 - 0x00007ff8e638a000 	C:\WINDOWS\SYSTEM32\VERSION.dll
0x00007ff8ec540000 - 0x00007ff8ec553000 	C:\WINDOWS\SYSTEM32\UMPDC.dll
0x00007ff8ec800000 - 0x00007ff8ec818000 	C:\WINDOWS\SYSTEM32\kernel.appcore.dll
0x00007ff8e76a0000 - 0x00007ff8e76aa000 	C:\Users\Wiz\.jdks\openjdk-24\bin\jimage.dll
0x00007ff8eb1b0000 - 0x00007ff8eb3e2000 	C:\WINDOWS\SYSTEM32\DBGHELP.DLL
0x00007ff8eea30000 - 0x00007ff8eedc2000 	C:\WINDOWS\System32\combase.dll
0x00007ff8efaa0000 - 0x00007ff8efb77000 	C:\WINDOWS\System32\OLEAUT32.dll
0x00007ff8e2590000 - 0x00007ff8e25c2000 	C:\WINDOWS\SYSTEM32\dbgcore.DLL
0x00007ff8ed8e0000 - 0x00007ff8ed95b000 	C:\WINDOWS\System32\bcryptPrimitives.dll
0x00007ff8e4c30000 - 0x00007ff8e4c3f000 	C:\Users\Wiz\.jdks\openjdk-24\bin\instrument.dll
0x00007ff8e0f50000 - 0x00007ff8e0f6e000 	C:\Users\Wiz\.jdks\openjdk-24\bin\java.dll
0x00007ff8ee4f0000 - 0x00007ff8ee691000 	C:\WINDOWS\System32\ole32.dll
0x00007ff8eee60000 - 0x00007ff8ef6f6000 	C:\WINDOWS\System32\SHELL32.dll
0x00007ff8eda80000 - 0x00007ff8edbbf000 	C:\WINDOWS\System32\wintypes.dll
0x00007ff880420000 - 0x00007ff880618000 	C:\Users\Wiz\AppData\Local\Temp\idea_libasyncProfiler_dll_temp_folder\libasyncProfiler.dll
0x00007ff8eb5d0000 - 0x00007ff8ebeea000 	C:\WINDOWS\SYSTEM32\windows.storage.dll
0x00007ff8ee2b0000 - 0x00007ff8ee3ba000 	C:\WINDOWS\System32\SHCORE.dll
0x00007ff8efb80000 - 0x00007ff8efbe3000 	C:\WINDOWS\System32\shlwapi.dll
0x00007ff8ed650000 - 0x00007ff8ed67b000 	C:\WINDOWS\SYSTEM32\profapi.dll
0x00007ff8d98e0000 - 0x00007ff8d98f7000 	C:\Users\Wiz\.jdks\openjdk-24\bin\zip.dll
0x00007ff8e1a30000 - 0x00007ff8e1a40000 	C:\Users\Wiz\.jdks\openjdk-24\bin\net.dll
0x00007ff8ecc80000 - 0x00007ff8eccea000 	C:\WINDOWS\system32\mswsock.dll
0x00007ff8d8d70000 - 0x00007ff8d8d86000 	C:\Users\Wiz\.jdks\openjdk-24\bin\nio.dll
0x00007ff8e0f30000 - 0x00007ff8e0f39000 	C:\Users\Wiz\.jdks\openjdk-24\bin\extnet.dll
0x00007ff8ec230000 - 0x00007ff8ec332000 	C:\WINDOWS\SYSTEM32\DNSAPI.dll
0x00007ff8ec1c0000 - 0x00007ff8ec1ed000 	C:\WINDOWS\SYSTEM32\IPHLPAPI.DLL
0x00007ff8eea20000 - 0x00007ff8eea29000 	C:\WINDOWS\System32\NSI.dll
0x000000005eb10000 - 0x000000005eb36000 	C:\Program Files\Bonjour\mdnsNSP.dll
0x00007ff8e74a0000 - 0x00007ff8e74aa000 	C:\Windows\System32\rasadhlp.dll
0x00007ff8e7bb0000 - 0x00007ff8e7c33000 	C:\WINDOWS\System32\fwpuclnt.dll
0x00007ff8d9530000 - 0x00007ff8d953a000 	C:\Users\Wiz\.jdks\openjdk-24\bin\management.dll
0x00007ff8d8ec0000 - 0x00007ff8d8ecb000 	C:\Users\Wiz\.jdks\openjdk-24\bin\management_ext.dll
0x00007ff8ef700000 - 0x00007ff8ef708000 	C:\WINDOWS\System32\PSAPI.DLL
0x00007ff8eceb0000 - 0x00007ff8ececb000 	C:\WINDOWS\SYSTEM32\CRYPTSP.dll
0x00007ff8ec760000 - 0x00007ff8ec797000 	C:\WINDOWS\system32\rsaenh.dll
0x00007ff8ecd40000 - 0x00007ff8ecd68000 	C:\WINDOWS\SYSTEM32\USERENV.dll
0x00007ff8ecea0000 - 0x00007ff8eceac000 	C:\WINDOWS\SYSTEM32\CRYPTBASE.dll
0x00007ff886710000 - 0x00007ff886727000 	C:\WINDOWS\system32\napinsp.dll
0x00007ff8866f0000 - 0x00007ff88670b000 	C:\WINDOWS\system32\pnrpnsp.dll
0x00007ff8866c0000 - 0x00007ff8866e7000 	C:\WINDOWS\system32\nlansp_c.dll
0x00007ff8866a0000 - 0x00007ff8866b1000 	C:\WINDOWS\System32\winrnr.dll
0x00007ff8e7530000 - 0x00007ff8e7545000 	C:\WINDOWS\system32\wshbth.dll
0x00007ff8c7540000 - 0x00007ff8c7590000 	C:\WINDOWS\SYSTEM32\pdh.dll

dbghelp: loaded successfully - version: 4.0.5 - missing functions: none
symbol engine: initialized successfully - sym options: 0x614 - pdb path: .;C:\Users\Wiz\.jdks\openjdk-24\bin;C:\WINDOWS\SYSTEM32;C:\WINDOWS\WinSxS\amd64_microsoft.windows.common-controls_6595b64144ccf1df_6.0.22621.5124_none_270e8f4f7386d69d;C:\Users\Wiz\.jdks\openjdk-24\bin\server;C:\Users\Wiz\AppData\Local\Temp\idea_libasyncProfiler_dll_temp_folder;C:\Program Files\Bonjour

VM Arguments:
jvm_args: -XX:TieredStopAtLevel=1 -Dspring.output.ansi.enabled=always -Dcom.sun.management.jmxremote -Dspring.jmx.enabled=true -Dspring.liveBeansView.mbeanDomain -Dspring.application.admin.enabled=true -Dmanagement.endpoints.jmx.exposure.include=* -javaagent:C:\Users\Wiz\AppData\Local\Programs\IntelliJ IDEA Ultimate 2025.1\lib\idea_rt.jar=62114 -agentpath:C:\Users\Wiz\AppData\Local\Temp\idea_libasyncProfiler_dll_temp_folder\libasyncProfiler.dll=start,jfr,event=wall,interval=10ms,jfrsync=profile,cstack=no,file=C:\Users\Wiz\IdeaSnapshots\GatewayApplication_2025_04_27_182700.jfr,dbghelppath=C:\Users\Wiz\AppData\Local\Temp\idea_dbghelp_dll_temp_folder\dbghelp.dll,log=C:\Users\Wiz\AppData\Local\Temp\GatewayApplication_2025_04_27_182700.jfr.log.txt,logLevel=DEBUG -Dfile.encoding=UTF-8 -Dsun.stdout.encoding=UTF-8 -Dsun.stderr.encoding=UTF-8 
java_command: com.wizdevtech.GatewayApplication
java_class_path (initial): C:\Development Projects\wizdevtech-site\frontend-gateway\target\classes;C:\Users\Wiz\.m2\repository\org\springframework\boot\spring-boot-starter-web\2.7.0\spring-boot-starter-web-2.7.0.jar;C:\Users\Wiz\.m2\repository\org\springframework\boot\spring-boot-starter\2.7.0\spring-boot-starter-2.7.0.jar;C:\Users\Wiz\.m2\repository\org\springframework\boot\spring-boot\2.7.0\spring-boot-2.7.0.jar;C:\Users\Wiz\.m2\repository\org\springframework\boot\spring-boot-autoconfigure\2.7.0\spring-boot-autoconfigure-2.7.0.jar;C:\Users\Wiz\.m2\repository\org\springframework\boot\spring-boot-starter-logging\2.7.0\spring-boot-starter-logging-2.7.0.jar;C:\Users\Wiz\.m2\repository\ch\qos\logback\logback-classic\1.2.11\logback-classic-1.2.11.jar;C:\Users\Wiz\.m2\repository\ch\qos\logback\logback-core\1.2.11\logback-core-1.2.11.jar;C:\Users\Wiz\.m2\repository\org\slf4j\slf4j-api\1.7.32\slf4j-api-1.7.32.jar;C:\Users\Wiz\.m2\repository\org\apache\logging\log4j\log4j-to-slf4j\2.17.2\log4j-to-slf4j-2.17.2.jar;C:\Users\Wiz\.m2\repository\org\apache\logging\log4j\log4j-api\2.17.2\log4j-api-2.17.2.jar;C:\Users\Wiz\.m2\repository\org\slf4j\jul-to-slf4j\1.7.36\jul-to-slf4j-1.7.36.jar;C:\Users\Wiz\.m2\repository\jakarta\annotation\jakarta.annotation-api\1.3.5\jakarta.annotation-api-1.3.5.jar;C:\Users\Wiz\.m2\repository\org\springframework\spring-core\5.3.20\spring-core-5.3.20.jar;C:\Users\Wiz\.m2\repository\org\springframework\spring-jcl\5.3.20\spring-jcl-5.3.20.jar;C:\Users\Wiz\.m2\repository\org\yaml\snakeyaml\1.30\snakeyaml-1.30.jar;C:\Users\Wiz\.m2\repository\org\springframework\boot\spring-boot-starter-json\2.7.0\spring-boot-starter-json-2.7.0.jar;C:\Users\Wiz\.m2\repository\com\fasterxml\jackson\core\jackson-databind\2.13.3\jackson-databind-2.13.3.jar;C:\Users\Wiz\.m2\repository\com\fasterxml\jackson\core\jackson-annotations\2.13.3\jackson-annotations-2.13.3.jar;C:\Users\Wiz\.m2\repository\com\fasterxml\jackson\core\jackson-core\2.13.3\jackson-core-2.13.3.jar;C:\Users\Wiz\.m2\repository\com\fasterxml\jackson\datatype\jackson-datatype-jdk8\2.13.3\jackson-datatype-jdk8-2.13.3.jar;C:\Users\Wiz\.m2\repository\com\fasterxml\jackson\datatype\jackson-datatype-jsr310\2.13.3\jackson-datatype-jsr310-2.13.3.jar;C:\Users\Wiz\.m2\repository\com\fasterxml\jackson\module\jackson-module-parameter-names\2.13.3\jackson-module-parameter-names-2.13.3.jar;C:\Users\Wiz\.m2\repository\org\springframework\boot\spring-boot-starter-tomcat\2.7.0\spring-boot-starter-tomcat-2.7.0.jar;C:\Users\Wiz\.m2\repository\org\apache\tomcat\embed\tomcat-embed-core\9.0.63\tomcat-embed-core-9.0.63.jar;C:\Users\Wiz\.m2\repository\org\apache\tomcat\embed\tomcat-embed-el\9.0.63\tomcat-embed-el-9.0.63.jar;C:\Users\Wiz\.m2\repository\org\apache\tomcat\embed\tomcat-embed-websocket\9.0.63\tomcat-embed-websocket-9.0.63.jar;C:\Users\Wiz\.m2\repository\org\springframework\spring-web\5.3.20\spring-web-5.3.20.jar;C:\Users\Wiz\.m2\repository\org\springframework\spring-beans\5.3.20\spring-beans-5.3.20.jar;C:\Users\Wiz\.m2\repository\org\springframework\spring-webmvc\5.3.20\spring-webmvc-5.3.20.jar;C:\Users\Wiz\.m2\repository\org\springframework\spring-aop\5.3.20\spring-aop-5.3.20.jar;C:\Users\Wiz\.m2\repository\org\springframework\spring-context\5.3.20\spring-context-5.3.20.jar;C:\Users\Wiz\.m2\repository\org\springframework\spring-expression\5.3.20\spring-expression-5.3.20.jar
Launcher Type: SUN_STANDARD

[Global flags]
     intx CICompilerCount                          = 12                                        {product} {ergonomic}
     uint ConcGCThreads                            = 3                                         {product} {ergonomic}
     bool FlightRecorder                           = true                                      {product} {management}
     uint G1ConcRefinementThreads                  = 13                                        {product} {ergonomic}
   size_t G1HeapRegionSize                         = 2097152                                   {product} {ergonomic}
   size_t InitialHeapSize                          = 230686720                                 {product} {ergonomic}
     bool ManagementServer                         = true                                      {product} {command line}
   size_t MarkStackSize                            = 4194304                                   {product} {ergonomic}
   size_t MarkStackSizeMax                         = 536870912                                 {product} {ergonomic}
   size_t MaxHeapSize                              = 3676307456                                {product} {ergonomic}
   size_t MaxNewSize                               = 2204106752                                {product} {ergonomic}
   size_t MinHeapDeltaBytes                        = 2097152                                   {product} {ergonomic}
   size_t MinHeapSize                              = 8388608                                   {product} {ergonomic}
    uintx NonNMethodCodeHeapSize                   = 4096                                   {pd product} {ergonomic}
    uintx NonProfiledCodeHeapSize                  = 0                                      {pd product} {ergonomic}
     bool ProfileInterpreter                       = false                                  {pd product} {command line}
    uintx ProfiledCodeHeapSize                     = 0                                      {pd product} {ergonomic}
   size_t SoftMaxHeapSize                          = 3676307456                             {manageable} {ergonomic}
     intx TieredStopAtLevel                        = 1                                         {product} {command line}
     bool UseCompressedOops                        = true                           {product lp64_product} {ergonomic}
     bool UseG1GC                                  = true                                      {product} {ergonomic}
     bool UseLargePagesIndividualAllocation        = false                                  {pd product} {ergonomic}

Logging:
Log output configuration:
 #0: stdout all=warning uptime,level,tags foldmultilines=false
 #1: stderr all=off uptime,level,tags foldmultilines=false

Environment Variables:
PATH=C:\Program Files\NVIDIA GPU Computing Toolkit\CUDA\v11.7\bin;C:\Program Files\NVIDIA GPU Computing Toolkit\CUDA\v11.7\libnvvp;C:\Program Files\Python313\Scripts\;C:\Program Files\Python313\;C:\Program Files (x86)\VMware\VMware Workstation\bin\;C:\Program Files\Eclipse Adoptium\jdk-21.0.6.7-hotspot\bin;C:\Windows\system32;C:\Windows;C:\Windows\System32\Wbem;C:\Windows\System32\WindowsPowerShell\v1.0\;C:\Windows\System32\OpenSSH\;C:\Program Files (x86)\NVIDIA Corporation\PhysX\Common;C:\Program Files\NVIDIA Corporation\NVIDIA NvDLISR;C:\WINDOWS\system32;C:\WINDOWS;C:\WINDOWS\System32\Wbem;C:\WINDOWS\System32\WindowsPowerShell\v1.0\;C:\WINDOWS\System32\OpenSSH\;C:\Program Files\dotnet\;C:\Users\Administrator\AppData\Roaming\nvm;C:\Program Files\Development\nodejs;C:\Program Files\NVIDIA Corporation\Nsight Compute 2022.2.0\;C:\Program Files\eSpeak NG\;C:\Program Files\Development\MATLAB\R2024a\runtime\win64;C:\Program Files\Development\MATLAB\R2024a\bin;C:\Program Files (x86)\Common Files\Intuit\QBPOSSDKRuntime;C:\ProgramData\Microsoft\Windows\Start Menu\Programs\Node.js;C:\Program Files\PowerShell\7\;C:\Program Files\Development\Git\cmd;C:\apache-maven-3.8.8-bin\apache-maven-3.8.8\bin;;C:\Program Files\Docker\Docker\resources\bin;C:\Program Files\NVIDIA GPU Computing Toolkit\CUDA\v11.7\bin;C:\Program Files\NVIDIA GPU Computing Toolkit\CUDA\v11.7\libnvvp;C:\Program Files\Python313\Scripts\;C:\Program Files\Python313\;C:\Program Files (x86)\VMware\VMware Workstation\bin\;C:\Program Files\Eclipse Adoptium\jdk-21.0.6.7-hotspot\bin;C:\Windows\system32;C:\Windows;C:\Windows\System32\Wbem;C:\Windows\System32\WindowsPowerShell\v1.0\;C:\Windows\System32\OpenSSH\;C:\Program Files (x86)\NVIDIA Corporation\PhysX\Common;C:\Program Files\NVIDIA Corporation\NVIDIA NvDLISR;C:\WINDOWS\system32;C:\WINDOWS;C:\WINDOWS\System32\Wbem;C:\WINDOWS\System32\WindowsPowerShell\v1.0\;C:\WINDOWS\System32\OpenSSH\;C:\Program Files\dotnet\;C:\Users\Administrator\AppData\Roaming\nvm;C:\Program Files\Development\nodejs;C:\Program Files\NVIDIA Corporation\Nsight Compute 2022.2.0\;C:\Program Files\eSpeak NG\;C:\Program Files\Development\MATLAB\R2024a\runtime\win64;C:\Program Files\Development\MATLAB\R2024a\bin;C:\Program Files (x86)\Common Files\Intuit\QBPOSSDKRuntime;C:\ProgramData\Microsoft\Windows\Start Menu\Programs\Node.js;C:\Program Files\PowerShell\7\;C:\Program Files\Development\Git\cmd;C:\apache-maven-3.8.8-bin\apache-maven-3.8.8\bin;;C:\Program Files\Docker\Docker\resources\bin;C:\Users\Wiz\AppData\Roaming\Python\Python313\Scripts;C:\Users\Wiz\AppData\Local\Programs\Microsoft VS Code\bin;C:\Program Files\JetBrains\PyCharm Community Edition 2024.3.5\bin;;C:\Users\Wiz\AppData\Roaming\npm;C:\ProgramData\Microsoft\Windows\Start Menu\Programs\Node.js;C:\Users\Wiz\AppData\Local\GitHubDesktop\bin;C:\Program Files\heroku\bin;C:\Terraform;C:\flyctl\;C:\apache-maven-3.8.8-bin\apache-maven-3.8.8\bin;
USERNAME=Wiz
OS=Windows_NT
PROCESSOR_IDENTIFIER=AMD64 Family 25 Model 68 Stepping 1, AuthenticAMD
TMP=C:\Users\Wiz\AppData\Local\Temp
TEMP=C:\Users\Wiz\AppData\Local\Temp




Periodic native trim disabled

---------------  S Y S T E M  ---------------

OS:
 Windows 11 , 64 bit Build 22621 (10.0.22621.5124)
OS uptime: 6 days 10:21 hours
Hyper-V role detected

CPU: total 16 (initial active 16) (16 cores per cpu, 2 threads per core) family 25 model 68 stepping 1 microcode 0x0, cx8, cmov, fxsr, ht, mmx, 3dnowpref, sse, sse2, sse3, ssse3, sse4a, sse4.1, sse4.2, popcnt, lzcnt, tsc, tscinvbit, avx, avx2, aes, erms, clmul, bmi1, bmi2, adx, sha, fma, vzeroupper, clflush, clflushopt, hv, rdtscp, rdpid, fsrm, f16c, cet_ss
Processor Information for processor 0
  Max Mhz: 3201, Current Mhz: 2502, Mhz Limit: 3201
Processor Information for processor 1
  Max Mhz: 3201, Current Mhz: 3201, Mhz Limit: 3201
Processor Information for processor 2
  Max Mhz: 3201, Current Mhz: 2502, Mhz Limit: 3201
Processor Information for processor 3
  Max Mhz: 3201, Current Mhz: 2502, Mhz Limit: 3201
Processor Information for processor 4
  Max Mhz: 3201, Current Mhz: 2502, Mhz Limit: 3201
Processor Information for processor 5
  Max Mhz: 3201, Current Mhz: 2502, Mhz Limit: 3201
Processor Information for processor 6
  Max Mhz: 3201, Current Mhz: 2502, Mhz Limit: 3201
Processor Information for processor 7
  Max Mhz: 3201, Current Mhz: 2502, Mhz Limit: 3201
Processor Information for processor 8
  Max Mhz: 3201, Current Mhz: 3201, Mhz Limit: 3201
Processor Information for processor 9
  Max Mhz: 3201, Current Mhz: 2502, Mhz Limit: 3201
Processor Information for processor 10
  Max Mhz: 3201, Current Mhz: 2502, Mhz Limit: 3201
Processor Information for processor 11
  Max Mhz: 3201, Current Mhz: 3201, Mhz Limit: 3201
Processor Information for processor 12
  Max Mhz: 3201, Current Mhz: 2502, Mhz Limit: 3201
Processor Information for processor 13
  Max Mhz: 3201, Current Mhz: 2502, Mhz Limit: 3201
Processor Information for processor 14
  Max Mhz: 3201, Current Mhz: 2502, Mhz Limit: 3201
Processor Information for processor 15
  Max Mhz: 3201, Current Mhz: 2502, Mhz Limit: 3201

Memory: 4k page, system-wide physical 14020M (2338M free)
TotalPageFile size 31758M (AvailPageFile size 6467M)
current process WorkingSet (physical memory assigned to process): 90M, peak: 90M
current process commit charge ("private bytes"): 362M, peak: 363M

vm_info: OpenJDK 64-Bit Server VM (24+36-3646) for windows-amd64 JRE (24+36-3646), built on 2025-02-06T00:20:43Z with MS VC++ 17.6 (VS2022)

END.
